[2026-04-09 13:58:37,522][httpx][INFO] - HTTP Request: HEAD https://huggingface.co/google/siglip-so400m-patch14-384/resolve/main/processor_config.json "HTTP/1.1 404 Not Found"
[2026-04-09 13:58:37,722][httpx][INFO] - HTTP Request: HEAD https://huggingface.co/google/siglip-so400m-patch14-384/resolve/main/preprocessor_config.json "HTTP/1.1 307 Temporary Redirect"
[2026-04-09 13:58:37,728][httpx][INFO] - HTTP Request: HEAD https://huggingface.co/api/resolve-cache/models/google/siglip-so400m-patch14-384/9fdffc58afc957d1a03a25b10dba0329ab15c2a3/preprocessor_config.json "HTTP/1.1 200 OK"
[2026-04-09 13:58:37,946][httpx][INFO] - HTTP Request: HEAD https://huggingface.co/google/siglip-so400m-patch14-384/resolve/main/processor_config.json "HTTP/1.1 404 Not Found"
[2026-04-09 13:58:37,946][huggingface_hub.utils._http][WARNING] - Warning: You are sending unauthenticated requests to the HF Hub. Please set a HF_TOKEN to enable higher rate limits and faster downloads.
[2026-04-09 13:58:38,147][httpx][INFO] - HTTP Request: HEAD https://huggingface.co/google/siglip-so400m-patch14-384/resolve/main/preprocessor_config.json "HTTP/1.1 307 Temporary Redirect"
[2026-04-09 13:58:38,223][httpx][INFO] - HTTP Request: HEAD https://huggingface.co/api/resolve-cache/models/google/siglip-so400m-patch14-384/9fdffc58afc957d1a03a25b10dba0329ab15c2a3/preprocessor_config.json "HTTP/1.1 200 OK"
[2026-04-09 13:58:38,427][httpx][INFO] - HTTP Request: GET https://huggingface.co/api/models/google/siglip-so400m-patch14-384/tree/main/additional_chat_templates?recursive=false&expand=false "HTTP/1.1 404 Not Found"
[2026-04-09 13:58:38,632][httpx][INFO] - HTTP Request: HEAD https://huggingface.co/google/siglip-so400m-patch14-384/resolve/main/processor_config.json "HTTP/1.1 404 Not Found"
[2026-04-09 13:58:38,837][httpx][INFO] - HTTP Request: HEAD https://huggingface.co/google/siglip-so400m-patch14-384/resolve/main/chat_template.json "HTTP/1.1 404 Not Found"
[2026-04-09 13:58:39,035][httpx][INFO] - HTTP Request: HEAD https://huggingface.co/google/siglip-so400m-patch14-384/resolve/main/chat_template.jinja "HTTP/1.1 404 Not Found"
[2026-04-09 13:58:39,231][httpx][INFO] - HTTP Request: HEAD https://huggingface.co/google/siglip-so400m-patch14-384/resolve/main/audio_tokenizer_config.json "HTTP/1.1 404 Not Found"
[2026-04-09 13:58:39,513][httpx][INFO] - HTTP Request: HEAD https://huggingface.co/google/siglip-so400m-patch14-384/resolve/main/processor_config.json "HTTP/1.1 404 Not Found"
[2026-04-09 13:58:39,712][httpx][INFO] - HTTP Request: HEAD https://huggingface.co/google/siglip-so400m-patch14-384/resolve/main/preprocessor_config.json "HTTP/1.1 307 Temporary Redirect"
[2026-04-09 13:58:39,719][httpx][INFO] - HTTP Request: HEAD https://huggingface.co/api/resolve-cache/models/google/siglip-so400m-patch14-384/9fdffc58afc957d1a03a25b10dba0329ab15c2a3/preprocessor_config.json "HTTP/1.1 200 OK"
[2026-04-09 13:58:39,926][httpx][INFO] - HTTP Request: HEAD https://huggingface.co/google/siglip-so400m-patch14-384/resolve/main/processor_config.json "HTTP/1.1 404 Not Found"
[2026-04-09 13:58:40,121][httpx][INFO] - HTTP Request: HEAD https://huggingface.co/google/siglip-so400m-patch14-384/resolve/main/preprocessor_config.json "HTTP/1.1 307 Temporary Redirect"
[2026-04-09 13:58:40,127][httpx][INFO] - HTTP Request: HEAD https://huggingface.co/api/resolve-cache/models/google/siglip-so400m-patch14-384/9fdffc58afc957d1a03a25b10dba0329ab15c2a3/preprocessor_config.json "HTTP/1.1 200 OK"
[2026-04-09 13:58:40,321][httpx][INFO] - HTTP Request: HEAD https://huggingface.co/google/siglip-so400m-patch14-384/resolve/main/config.json "HTTP/1.1 307 Temporary Redirect"
[2026-04-09 13:58:40,330][httpx][INFO] - HTTP Request: HEAD https://huggingface.co/api/resolve-cache/models/google/siglip-so400m-patch14-384/9fdffc58afc957d1a03a25b10dba0329ab15c2a3/config.json "HTTP/1.1 200 OK"
[2026-04-09 13:58:40,535][httpx][INFO] - HTTP Request: HEAD https://huggingface.co/google/siglip-so400m-patch14-384/resolve/main/tokenizer_config.json "HTTP/1.1 307 Temporary Redirect"
[2026-04-09 13:58:40,541][httpx][INFO] - HTTP Request: HEAD https://huggingface.co/api/resolve-cache/models/google/siglip-so400m-patch14-384/9fdffc58afc957d1a03a25b10dba0329ab15c2a3/tokenizer_config.json "HTTP/1.1 200 OK"
[2026-04-09 13:58:40,739][httpx][INFO] - HTTP Request: GET https://huggingface.co/api/models/google/siglip-so400m-patch14-384/tree/main/additional_chat_templates?recursive=false&expand=false "HTTP/1.1 404 Not Found"
[2026-04-09 13:58:40,945][httpx][INFO] - HTTP Request: GET https://huggingface.co/api/models/google/siglip-so400m-patch14-384/tree/main?recursive=true&expand=false "HTTP/1.1 200 OK"
[2026-04-09 13:58:41,231][httpx][INFO] - HTTP Request: HEAD https://huggingface.co/google/siglip-so400m-patch14-384/resolve/main/config.json "HTTP/1.1 307 Temporary Redirect"
[2026-04-09 13:58:41,237][httpx][INFO] - HTTP Request: HEAD https://huggingface.co/api/resolve-cache/models/google/siglip-so400m-patch14-384/9fdffc58afc957d1a03a25b10dba0329ab15c2a3/config.json "HTTP/1.1 200 OK"
[2026-04-09 13:58:41,451][httpx][INFO] - HTTP Request: HEAD https://huggingface.co/google/siglip-so400m-patch14-384/resolve/main/model.safetensors "HTTP/1.1 302 Found"
[2026-04-09 13:58:41,654][httpx][INFO] - HTTP Request: GET https://huggingface.co/api/models/google/siglip-so400m-patch14-384/xet-read-token/9fdffc58afc957d1a03a25b10dba0329ab15c2a3 "HTTP/1.1 200 OK"
